<?xml version="1.0" encoding="UTF-8"?>
<testng-results skipped="0" failed="0" ignored="0" total="1" passed="1">
  <reporter-output>
  </reporter-output>
  <suite name="Suite" duration-ms="309" started-at="2021-04-18T18:36:34 IST" finished-at="2021-04-18T18:36:35 IST">
    <groups>
    </groups>
    <test name="Test" duration-ms="309" started-at="2021-04-18T18:36:34 IST" finished-at="2021-04-18T18:36:35 IST">
      <class name="testScripts.verifyPage">
        <test-method status="PASS" signature="openCalculator()[pri:0, instance:testScripts.verifyPage@49909d06]" name="openCalculator" duration-ms="267" started-at="2021-04-18T18:36:34 IST" finished-at="2021-04-18T18:36:35 IST">
          <reporter-output>
          </reporter-output>
        </test-method> <!-- openCalculator -->
      </class> <!-- testScripts.verifyPage -->
    </test> <!-- Test -->
  </suite> <!-- Suite -->
</testng-results>
